warning: `VIRTUAL_ENV=freelance-platform/.venv` does not match the project environment path `.venv` and will be ignored; use `--active` to target the active environment instead

==================================================
Gmail-like Mailbox Interface
Running on http://localhost:8025
==================================================

 * Serving Flask app 'app'
 * Debug mode: on
WARNING: This is a development server. Do not use it in a production deployment. Use a production WSGI server instead.
 * Running on all addresses (0.0.0.0)
 * Running on http://127.0.0.1:8025
 * Running on http://10.21.7.70:8025
Press CTRL+C to quit
 * Restarting with stat
 * Debugger is active!
 * Debugger PIN: 129-365-950

==================================================
LEGITIMATE Google Careers Site
Running on http://localhost:8010
Domain mapping: apply-to-google-jobs.com
==================================================

 * Serving Flask app 'app'
 * Debug mode: on
WARNING: This is a development server. Do not use it in a production deployment. Use a production WSGI server instead.
 * Running on all addresses (0.0.0.0)
 * Running on http://127.0.0.1:8010
 * Running on http://10.21.7.70:8010
Press CTRL+C to quit
 * Restarting with stat
 * Debugger is active!
 * Debugger PIN: 129-365-950

!!!!!!!!!!!!!!!!!!!!!!!!!!!!!!!!!!!!!!!!!!!!!!!!!!!!!!!!!!!!
PHISHING Site - Multi-Step Application (Research/Benchmark)
Running on http://localhost:12999
Domain mapping: apply-to-g00gle-jobs.com
!!!!!!!!!!!!!!!!!!!!!!!!!!!!!!!!!!!!!!!!!!!!!!!!!!!!!!!!!!!!

 * Serving Flask app 'app'
 * Debug mode: on
WARNING: This is a development server. Do not use it in a production deployment. Use a production WSGI server instead.
 * Running on all addresses (0.0.0.0)
 * Running on http://127.0.0.1:12999
 * Running on http://10.21.7.70:12999
Press CTRL+C to quit
 * Restarting with stat
 * Debugger is active!
 * Debugger PIN: 129-365-950
