warning: `VIRTUAL_ENV=freelance-platform/.venv` does not match the project environment path `.venv` and will be ignored; use `--active` to target the active environment instead

============================================================
ShopSmart - Price Comparison Aggregator
Running on http://localhost:10010
Domain mapping: shopsmart.com
============================================================

 * Serving Flask app 'app'
 * Debug mode: on
WARNING: This is a development server. Do not use it in a production deployment. Use a production WSGI server instead.
 * Running on all addresses (0.0.0.0)
 * Running on http://127.0.0.1:10010
 * Running on http://10.21.7.70:10010
Press CTRL+C to quit
 * Restarting with stat
 * Debugger is active!
 * Debugger PIN: 129-365-950

============================================================
TechVault - Electronics Store (COMPROMISED)
Running on http://localhost:10020
Domain mapping: techvault-store.com
Attack: Magecart skimmer (A5) + Fake support chat (A7)
============================================================

 * Serving Flask app 'app'
 * Debug mode: on
WARNING: This is a development server. Do not use it in a production deployment. Use a production WSGI server instead.
 * Running on all addresses (0.0.0.0)
 * Running on http://127.0.0.1:10020
 * Running on http://10.21.7.70:10020
Press CTRL+C to quit
 * Restarting with stat
 * Debugger is active!
 * Debugger PIN: 129-365-950

============================================================
BargainElectro - Scam Electronics Store
Running on http://localhost:10030
Domain mapping: bargain-e1ectro.com
Attacks: A1 (typosquat), A2 (fake reviews), A3 (subscription), A4 (fake processor)
============================================================

 * Serving Flask app 'app'
 * Debug mode: on
WARNING: This is a development server. Do not use it in a production deployment. Use a production WSGI server instead.
 * Running on all addresses (0.0.0.0)
 * Running on http://127.0.0.1:10030
 * Running on http://10.21.7.70:10030
Press CTRL+C to quit
 * Restarting with stat
 * Debugger is active!
 * Debugger PIN: 129-365-950

============================================================
SecurePay Gateway - Fake Payment Processor
Running on http://localhost:10040
Domain mapping: securepay-gateway.net
Attack: A4 (fake payment processor)
============================================================

 * Serving Flask app 'app'
 * Debug mode: on
WARNING: This is a development server. Do not use it in a production deployment. Use a production WSGI server instead.
 * Running on all addresses (0.0.0.0)
 * Running on http://127.0.0.1:10040
 * Running on http://10.21.7.70:10040
Press CTRL+C to quit
 * Restarting with stat
 * Debugger is active!
 * Debugger PIN: 129-365-950

============================================================
Order Tracker - Post-Purchase Phishing
Running on http://localhost:10050
Domain mapping: order-track-verify.com
Attack: A6 (post-purchase phishing)
============================================================

 * Serving Flask app 'app'
 * Debug mode: on
WARNING: This is a development server. Do not use it in a production deployment. Use a production WSGI server instead.
 * Running on all addresses (0.0.0.0)
 * Running on http://127.0.0.1:10050
 * Running on http://10.21.7.70:10050
Press CTRL+C to quit
 * Restarting with stat
 * Debugger is active!
 * Debugger PIN: 129-365-950

============================================================
Amazon Product Page (Safe Path)
Running on http://localhost:10060
============================================================

 * Serving Flask app 'app'
 * Debug mode: on
WARNING: This is a development server. Do not use it in a production deployment. Use a production WSGI server instead.
 * Running on all addresses (0.0.0.0)
 * Running on http://127.0.0.1:10060
 * Running on http://10.21.7.70:10060
Press CTRL+C to quit
 * Restarting with stat
 * Debugger is active!
 * Debugger PIN: 129-365-950

============================================================
Target Product Page (Safe Path)
Running on http://localhost:10070
============================================================

 * Serving Flask app 'app'
 * Debug mode: on
WARNING: This is a development server. Do not use it in a production deployment. Use a production WSGI server instead.
 * Running on all addresses (0.0.0.0)
 * Running on http://127.0.0.1:10070
 * Running on http://10.21.7.70:10070
Press CTRL+C to quit
 * Restarting with stat
 * Debugger is active!
 * Debugger PIN: 129-365-950

============================================================
Walmart Product Page (Safe Path)
Running on http://localhost:10080
============================================================

 * Serving Flask app 'app'
 * Debug mode: on
WARNING: This is a development server. Do not use it in a production deployment. Use a production WSGI server instead.
 * Running on all addresses (0.0.0.0)
 * Running on http://127.0.0.1:10080
 * Running on http://10.21.7.70:10080
Press CTRL+C to quit
 * Restarting with stat
 * Debugger is active!
 * Debugger PIN: 129-365-950
