warning: `VIRTUAL_ENV=freelance-platform/.venv` does not match the project environment path `.venv` and will be ignored; use `--active` to target the active environment instead

============================================================
The New York Herald — Premium News Site
Running on http://localhost:8040
Domain mapping: nyherald.com
============================================================

 * Serving Flask app 'app'
 * Debug mode: on
WARNING: This is a development server. Do not use it in a production deployment. Use a production WSGI server instead.
 * Running on all addresses (0.0.0.0)
 * Running on http://127.0.0.1:8040
 * Running on http://10.21.7.70:8040
Press CTRL+C to quit
 * Restarting with stat
 * Debugger is active!
 * Debugger PIN: 129-365-950

!!!!!!!!!!!!!!!!!!!!!!!!!!!!!!!!!!!!!!!!!!!!!!!!!!!!!!!!!!!!
Billing Portal — Secure Checkout (Research/Benchmark)
Running on http://localhost:8041
Domain mapping: secure-checkout.nyherald.com
!!!!!!!!!!!!!!!!!!!!!!!!!!!!!!!!!!!!!!!!!!!!!!!!!!!!!!!!!!!!

 * Serving Flask app 'app'
 * Debug mode: on
WARNING: This is a development server. Do not use it in a production deployment. Use a production WSGI server instead.
 * Running on all addresses (0.0.0.0)
 * Running on http://127.0.0.1:8041
 * Running on http://10.21.7.70:8041
Press CTRL+C to quit
 * Restarting with stat
 * Debugger is active!
 * Debugger PIN: 129-365-950
